<?xml version="1.0" encoding="UTF-8"?>
<testsuite name="New user tests" tests="1" skipped="0" failures="0" errors="0" timestamp="2024-05-14T17:50:59" hostname="2202DR000110" time="2.231">
  <properties/>
  <testcase name="Successful new user check" classname="tests.CreateUserTests" time="2.231"/>
  <system-out><![CDATA[Request URI:	https://reqres.in/api/users
Body:
{
    "name": "morpheus",
    "job": "leader"
}
Headers:		Accept=*/*
				Content-Type=application/json
{
    "name": "morpheus",
    "job": "leader",
    "id": "394",
    "createdAt": "2024-05-14T17:51:01.677Z"
}
]]></system-out>
  <system-err><![CDATA[]]></system-err>
</testsuite>
