<?xml version="1.0" encoding="UTF-8"?>
<testsuite name="User deletion tests" tests="1" skipped="0" failures="0" errors="0" timestamp="2024-05-14T17:51:02" hostname="2202DR000110" time="0.287">
  <properties/>
  <testcase name="Successful user deletion check" classname="tests.DeleteUserTests" time="0.287"/>
  <system-out><![CDATA[Request URI:	https://reqres.in/api/users/5
Body:			<none>
Headers:		Accept=*/*
				Content-Type=application/json

]]></system-out>
  <system-err><![CDATA[]]></system-err>
</testsuite>
