<?xml version="1.0" encoding="UTF-8"?>
<testsuite name="Update user tests" tests="2" skipped="0" failures="0" errors="0" timestamp="2024-05-14T17:51:03" hostname="2202DR000110" time="0.479">
  <properties/>
  <testcase name="Update User Data with Patch method" classname="tests.UpdateUserTests" time="0.236"/>
  <testcase name="Update User Data with Put method" classname="tests.UpdateUserTests" time="0.24"/>
  <system-out><![CDATA[Request URI:	https://reqres.in/api/users/2
Body:
{
    "name": "morpheus",
    "job": "zion resident"
}
Headers:		Accept=*/*
				Content-Type=application/json
{
    "name": "morpheus",
    "job": "zion resident",
    "updatedAt": "2024-05-14T17:51:03.829Z"
}
Request URI:	https://reqres.in/api/users/2
Body:
{
    "name": "morpheus",
    "job": "zion resident"
}
Headers:		Accept=*/*
				Content-Type=application/json
{
    "name": "morpheus",
    "job": "zion resident",
    "updatedAt": "2024-05-14T17:51:04.072Z"
}
]]></system-out>
  <system-err><![CDATA[]]></system-err>
</testsuite>
